{
  "Cucumber Features": {
    "coverage": {
      "/home/oschultz47/CSCE431/engr-216-practice-problem-generator/app/app/models/topic.rb": {
        "lines": [
          1,
          1,
          1,
          null
        ]
      },
      "/home/oschultz47/CSCE431/engr-216-practice-problem-generator/app/app/models/application_record.rb": {
        "lines": [
          1,
          1,
          null
        ]
      },
      "/home/oschultz47/CSCE431/engr-216-practice-problem-generator/app/app/models/type.rb": {
        "lines": [
          1,
          1,
          1,
          null
        ]
      },
      "/home/oschultz47/CSCE431/engr-216-practice-problem-generator/app/app/controllers/welcome_controller.rb": {
        "lines": [
          1,
          1,
          null,
          1,
          10,
          0,
          null,
          null,
          null
        ]
      },
      "/home/oschultz47/CSCE431/engr-216-practice-problem-generator/app/app/controllers/application_controller.rb": {
        "lines": [
          1,
          1,
          null,
          1,
          null,
          1,
          null,
          null,
          null,
          31,
          null,
          null,
          1,
          null,
          null,
          21,
          null,
          null,
          1,
          null,
          11,
          1,
          null,
          null,
          null
        ]
      },
      "/home/oschultz47/CSCE431/engr-216-practice-problem-generator/app/app/helpers/application_helper.rb": {
        "lines": [
          1,
          null
        ]
      },
      "/home/oschultz47/CSCE431/engr-216-practice-problem-generator/app/app/helpers/instructor_home_helper.rb": {
        "lines": [
          1,
          null
        ]
      },
      "/home/oschultz47/CSCE431/engr-216-practice-problem-generator/app/app/helpers/student_home_helper.rb": {
        "lines": [
          1,
          null
        ]
      },
      "/home/oschultz47/CSCE431/engr-216-practice-problem-generator/app/app/controllers/sessions_controller.rb": {
        "lines": [
          1,
          1,
          null,
          null,
          1,
          2,
          2,
          null,
          null,
          null,
          null,
          1,
          7,
          7,
          null,
          7,
          7,
          null,
          7,
          7,
          2,
          2,
          null,
          null,
          5,
          5,
          5,
          5,
          5,
          5,
          5,
          null,
          5,
          2,
          null,
          3,
          null,
          null,
          null,
          5,
          5,
          5,
          5,
          3,
          null,
          2,
          null,
          null,
          0,
          null,
          null,
          0,
          null,
          null,
          null,
          null
        ]
      },
      "/home/oschultz47/CSCE431/engr-216-practice-problem-generator/app/app/models/user.rb": {
        "lines": [
          1,
          1,
          null,
          1,
          1,
          null
        ]
      },
      "/home/oschultz47/CSCE431/engr-216-practice-problem-generator/app/app/controllers/instructor_home_controller.rb": {
        "lines": [
          1,
          1,
          null,
          1,
          3,
          3,
          null,
          null,
          1,
          null,
          1,
          3,
          0,
          null,
          null,
          null,
          null
        ]
      },
      "/home/oschultz47/CSCE431/engr-216-practice-problem-generator/app/app/controllers/student_home_controller.rb": {
        "lines": [
          1,
          1,
          4,
          4,
          4,
          4,
          null,
          null
        ]
      },
      "/home/oschultz47/CSCE431/engr-216-practice-problem-generator/app/app/controllers/problems_controller.rb": {
        "lines": [
          1,
          1,
          null,
          1,
          null,
          null,
          1,
          1,
          1,
          1,
          null,
          1,
          1,
          null,
          null,
          1,
          1,
          1,
          null,
          1,
          1,
          null,
          1,
          null,
          null,
          1,
          null,
          1,
          2,
          null,
          null,
          1,
          2,
          null,
          null
        ]
      },
      "/home/oschultz47/CSCE431/engr-216-practice-problem-generator/app/app/controllers/users_controller.rb": {
        "lines": [
          0,
          0,
          0,
          0,
          0
        ],
        "branches": {}
      },
      "/home/oschultz47/CSCE431/engr-216-practice-problem-generator/app/app/models/question.rb": {
        "lines": [
          0,
          0,
          0,
          0
        ],
        "branches": {}
      }
    },
    "timestamp": 1737665167
  },
  "RSpec": {
    "coverage": {
      "/home/oschultz47/CSCE431/engr-216-practice-problem-generator/app/app/helpers/application_helper.rb": {
        "lines": [
          1,
          null
        ]
      },
      "/home/oschultz47/CSCE431/engr-216-practice-problem-generator/app/app/helpers/instructor_home_helper.rb": {
        "lines": [
          1,
          null
        ]
      },
      "/home/oschultz47/CSCE431/engr-216-practice-problem-generator/app/app/helpers/student_home_helper.rb": {
        "lines": [
          1,
          null
        ]
      },
      "/home/oschultz47/CSCE431/engr-216-practice-problem-generator/app/app/controllers/application_controller.rb": {
        "lines": [
          1,
          1,
          null,
          1,
          null,
          1,
          null,
          null,
          null,
          4,
          null,
          null,
          1,
          null,
          null,
          16,
          null,
          null,
          1,
          null,
          18,
          2,
          null,
          null,
          null
        ]
      },
      "/home/oschultz47/CSCE431/engr-216-practice-problem-generator/app/app/controllers/instructor_home_controller.rb": {
        "lines": [
          1,
          1,
          null,
          1,
          3,
          null,
          null,
          1,
          null,
          1,
          5,
          2,
          null,
          null,
          null,
          null
        ]
      },
      "/home/oschultz47/CSCE431/engr-216-practice-problem-generator/app/app/controllers/problems_controller.rb": {
        "lines": [
          1,
          1,
          null,
          1,
          null,
          null,
          1,
          1,
          1,
          1,
          null,
          1,
          1,
          null,
          null,
          1,
          1,
          1,
          null,
          1,
          1,
          null,
          1,
          null,
          null,
          1,
          null,
          1,
          1,
          null,
          null,
          1,
          1,
          null,
          null
        ]
      },
      "/home/oschultz47/CSCE431/engr-216-practice-problem-generator/app/app/controllers/sessions_controller.rb": {
        "lines": [
          1,
          1,
          null,
          null,
          1,
          1,
          1,
          null,
          null,
          null,
          null,
          1,
          5,
          5,
          null,
          5,
          4,
          null,
          4,
          4,
          1,
          1,
          null,
          null,
          3,
          2,
          2,
          2,
          2,
          2,
          2,
          null,
          2,
          0,
          null,
          2,
          null,
          null,
          null,
          3,
          2,
          2,
          2,
          2,
          null,
          0,
          null,
          null,
          1,
          null,
          null,
          1,
          null,
          null,
          null,
          null
        ]
      },
      "/home/oschultz47/CSCE431/engr-216-practice-problem-generator/app/app/controllers/student_home_controller.rb": {
        "lines": [
          1,
          1,
          5,
          5,
          5,
          5,
          null,
          null
        ]
      },
      "/home/oschultz47/CSCE431/engr-216-practice-problem-generator/app/app/controllers/users_controller.rb": {
        "lines": [
          1,
          1,
          3,
          null,
          null
        ]
      },
      "/home/oschultz47/CSCE431/engr-216-practice-problem-generator/app/app/controllers/welcome_controller.rb": {
        "lines": [
          1,
          1,
          null,
          1,
          2,
          1,
          null,
          null,
          null
        ]
      },
      "/home/oschultz47/CSCE431/engr-216-practice-problem-generator/app/app/models/user.rb": {
        "lines": [
          1,
          1,
          null,
          1,
          1,
          null
        ]
      },
      "/home/oschultz47/CSCE431/engr-216-practice-problem-generator/app/app/models/application_record.rb": {
        "lines": [
          1,
          1,
          null
        ]
      },
      "/home/oschultz47/CSCE431/engr-216-practice-problem-generator/app/app/models/topic.rb": {
        "lines": [
          1,
          1,
          1,
          null
        ]
      },
      "/home/oschultz47/CSCE431/engr-216-practice-problem-generator/app/app/models/type.rb": {
        "lines": [
          1,
          1,
          1,
          null
        ]
      },
      "/home/oschultz47/CSCE431/engr-216-practice-problem-generator/app/app/models/question.rb": {
        "lines": [
          0,
          0,
          0,
          0
        ],
        "branches": {}
      }
    },
    "timestamp": 1737660045
  }
}
