{
  "RSpec": {
    "coverage": {
      "/home/legon/CSCE431/engr-216-practice-problem-generator/app/app/helpers/application_helper.rb": {
        "lines": [
          1,
          null
        ]
      },
      "/home/legon/CSCE431/engr-216-practice-problem-generator/app/app/helpers/instructor_home_helper.rb": {
        "lines": [
          1,
          null
        ]
      },
      "/home/legon/CSCE431/engr-216-practice-problem-generator/app/app/helpers/student_home_helper.rb": {
        "lines": [
          1,
          null
        ]
      },
      "/home/legon/CSCE431/engr-216-practice-problem-generator/app/app/controllers/application_controller.rb": {
        "lines": [
          1,
          1,
          1,
          null,
          1,
          null,
          1,
          null,
          null,
          null,
          4,
          null,
          null,
          1,
          null,
          null,
          27,
          null,
          null,
          1,
          null,
          38,
          2,
          null,
          null,
          null
        ]
      },
      "/home/legon/CSCE431/engr-216-practice-problem-generator/app/app/controllers/instructor_home_controller.rb": {
        "lines": [
          1,
          null,
          1,
          3,
          3,
          3,
          null,
          null
        ]
      },
      "/home/legon/CSCE431/engr-216-practice-problem-generator/app/app/controllers/problems_controller.rb": {
        "lines": [
          1,
          1,
          1,
          null,
          1,
          4,
          null,
          4,
          3,
          3,
          3,
          null,
          3,
          3,
          3,
          3,
          null,
          null,
          1,
          null,
          null,
          null,
          1,
          4,
          4,
          4,
          4,
          4,
          4,
          null,
          4,
          null,
          4,
          4,
          4,
          null,
          0,
          null,
          null,
          4,
          null,
          null,
          null,
          null,
          null,
          null,
          null,
          null,
          1,
          1,
          1,
          1,
          1,
          1,
          null,
          null,
          1,
          2,
          2,
          null,
          2,
          2,
          null,
          2,
          null,
          null,
          1,
          1,
          8,
          8,
          null,
          8,
          8,
          null,
          null,
          1,
          4,
          4,
          12,
          null,
          4,
          null,
          null,
          1,
          4,
          4,
          null,
          4,
          4,
          12,
          null,
          null,
          4,
          null,
          null,
          null,
          1,
          10,
          null,
          9,
          9,
          26,
          null,
          null,
          null,
          9,
          4,
          null,
          6,
          6,
          null,
          null,
          9,
          null,
          null,
          1,
          2,
          null,
          null,
          1,
          2,
          null,
          null
        ]
      },
      "/home/legon/CSCE431/engr-216-practice-problem-generator/app/app/controllers/sessions_controller.rb": {
        "lines": [
          1,
          1,
          null,
          null,
          1,
          1,
          1,
          null,
          null,
          null,
          null,
          1,
          5,
          5,
          null,
          5,
          4,
          null,
          4,
          4,
          1,
          1,
          null,
          null,
          3,
          2,
          2,
          2,
          2,
          2,
          2,
          2,
          0,
          2,
          0,
          null,
          2,
          null,
          null,
          null,
          3,
          2,
          2,
          2,
          0,
          0,
          null,
          0,
          null,
          null,
          1,
          null,
          null,
          1,
          null,
          null,
          null
        ]
      },
      "/home/legon/CSCE431/engr-216-practice-problem-generator/app/app/controllers/student_home_controller.rb": {
        "lines": [
          1,
          1,
          6,
          6,
          6,
          6,
          6,
          null,
          null
        ]
      },
      "/home/legon/CSCE431/engr-216-practice-problem-generator/app/app/controllers/users_controller.rb": {
        "lines": [
          1,
          1,
          3,
          null,
          null,
          1,
          null,
          2,
          1,
          1,
          null,
          null,
          1,
          null,
          null,
          2,
          null,
          null,
          1,
          10,
          10,
          10,
          10,
          null,
          10,
          10,
          null,
          null
        ]
      },
      "/home/legon/CSCE431/engr-216-practice-problem-generator/app/app/controllers/welcome_controller.rb": {
        "lines": [
          1,
          1,
          null,
          1,
          2,
          1,
          null,
          null,
          null
        ]
      },
      "/home/legon/CSCE431/engr-216-practice-problem-generator/app/app/models/question.rb": {
        "lines": [
          1,
          1,
          1,
          null,
          1,
          1,
          null,
          1,
          1,
          null,
          null
        ]
      },
      "/home/legon/CSCE431/engr-216-practice-problem-generator/app/app/models/application_record.rb": {
        "lines": [
          1,
          1,
          null
        ]
      },
      "/home/legon/CSCE431/engr-216-practice-problem-generator/app/app/models/submission.rb": {
        "lines": [
          1,
          1,
          1,
          null,
          1,
          null
        ]
      },
      "/home/legon/CSCE431/engr-216-practice-problem-generator/app/app/models/user.rb": {
        "lines": [
          1,
          1,
          null,
          1,
          1,
          null,
          1,
          null,
          1,
          1,
          null,
          1,
          5,
          null,
          null,
          1,
          7,
          7,
          null,
          null,
          1,
          12,
          6,
          null,
          null,
          1,
          32,
          null,
          14,
          55,
          null,
          55,
          55,
          null,
          null,
          14,
          18,
          null,
          null,
          14,
          null,
          null,
          null
        ]
      },
      "/home/legon/CSCE431/engr-216-practice-problem-generator/app/app/models/topic.rb": {
        "lines": [
          1,
          1,
          1,
          null
        ]
      },
      "/home/legon/CSCE431/engr-216-practice-problem-generator/app/app/models/type.rb": {
        "lines": [
          1,
          1,
          1,
          null
        ]
      }
    },
    "timestamp": 1739323756
  },
  "Cucumber Features": {
    "coverage": {
      "/home/oschultz47/CSCE431/engr-216-practice-problem-generator/app/app/models/topic.rb": {
        "lines": [
          1,
          1,
          1,
          null
        ]
      },
      "/home/oschultz47/CSCE431/engr-216-practice-problem-generator/app/app/models/application_record.rb": {
        "lines": [
          1,
          1,
          null
        ]
      },
      "/home/oschultz47/CSCE431/engr-216-practice-problem-generator/app/app/models/type.rb": {
        "lines": [
          1,
          1,
          1,
          null
        ]
      },
      "/home/oschultz47/CSCE431/engr-216-practice-problem-generator/app/app/controllers/welcome_controller.rb": {
        "lines": [
          1,
          1,
          null,
          1,
          20,
          0,
          null,
          null,
          null
        ]
      },
      "/home/oschultz47/CSCE431/engr-216-practice-problem-generator/app/app/controllers/application_controller.rb": {
        "lines": [
          1,
          1,
          null,
          1,
          null,
          1,
          null,
          null,
          null,
          75,
          null,
          null,
          1,
          null,
          null,
          59,
          null,
          null,
          1,
          null,
          39,
          1,
          null,
          null,
          null
        ]
      },
      "/home/oschultz47/CSCE431/engr-216-practice-problem-generator/app/app/helpers/application_helper.rb": {
        "lines": [
          1,
          null
        ]
      },
      "/home/oschultz47/CSCE431/engr-216-practice-problem-generator/app/app/helpers/admin_helper.rb": {
        "lines": [
          1,
          null
        ]
      },
      "/home/oschultz47/CSCE431/engr-216-practice-problem-generator/app/app/helpers/instructor_home_helper.rb": {
        "lines": [
          1,
          null
        ]
      },
      "/home/oschultz47/CSCE431/engr-216-practice-problem-generator/app/app/helpers/student_home_helper.rb": {
        "lines": [
          1,
          null
        ]
      },
      "/home/oschultz47/CSCE431/engr-216-practice-problem-generator/app/app/controllers/sessions_controller.rb": {
        "lines": [
          1,
          1,
          null,
          null,
          1,
          2,
          2,
          null,
          null,
          null,
          null,
          1,
          15,
          15,
          null,
          15,
          15,
          null,
          15,
          15,
          3,
          3,
          null,
          null,
          12,
          12,
          12,
          12,
          12,
          12,
          12,
          12,
          2,
          10,
          1,
          null,
          9,
          null,
          null,
          null,
          12,
          12,
          12,
          9,
          3,
          1,
          null,
          2,
          null,
          null,
          0,
          null,
          null,
          0,
          null,
          null,
          null
        ]
      },
      "/home/oschultz47/CSCE431/engr-216-practice-problem-generator/app/app/models/user.rb": {
        "lines": [
          1,
          1,
          null,
          1,
          7,
          null,
          null,
          1,
          null,
          1,
          1,
          null
        ]
      },
      "/home/oschultz47/CSCE431/engr-216-practice-problem-generator/app/app/controllers/admin_controller.rb": {
        "lines": [
          1,
          null,
          1,
          1,
          1,
          1,
          null,
          null
        ]
      },
      "/home/oschultz47/CSCE431/engr-216-practice-problem-generator/app/app/controllers/instructor_home_controller.rb": {
        "lines": [
          1,
          null,
          1,
          3,
          3,
          3,
          null,
          null
        ]
      },
      "/home/oschultz47/CSCE431/engr-216-practice-problem-generator/app/app/controllers/student_home_controller.rb": {
        "lines": [
          1,
          1,
          10,
          10,
          10,
          10,
          null,
          null
        ]
      },
      "/home/oschultz47/CSCE431/engr-216-practice-problem-generator/app/app/controllers/problems_controller.rb": {
        "lines": [
          1,
          1,
          1,
          null,
          null,
          1,
          null,
          null,
          1,
          6,
          null,
          6,
          5,
          5,
          5,
          null,
          5,
          5,
          5,
          null,
          null,
          1,
          null,
          null,
          null,
          1,
          2,
          2,
          2,
          2,
          null,
          2,
          null,
          2,
          null,
          null,
          null,
          null,
          null,
          null,
          null,
          null,
          1,
          2,
          2,
          2,
          2,
          2,
          null,
          null,
          1,
          5,
          5,
          null,
          5,
          5,
          null,
          5,
          null,
          null,
          1,
          1,
          8,
          8,
          null,
          8,
          8,
          null,
          null,
          1,
          5,
          5,
          15,
          null,
          5,
          null,
          null,
          1,
          5,
          5,
          null,
          5,
          5,
          15,
          null,
          null,
          5,
          null,
          null,
          null,
          1,
          5,
          null,
          5,
          5,
          15,
          null,
          null,
          null,
          5,
          null,
          0,
          0,
          null,
          null,
          5,
          null,
          null,
          1,
          10,
          null,
          null,
          1,
          10,
          null,
          null
        ]
      },
      "/home/oschultz47/CSCE431/engr-216-practice-problem-generator/app/app/models/question.rb": {
        "lines": [
          1,
          1,
          1,
          null
        ]
      },
      "/home/oschultz47/CSCE431/engr-216-practice-problem-generator/app/app/controllers/users_controller.rb": {
        "lines": [
          1,
          1,
          3,
          null,
          null,
          1,
          null,
          1,
          1,
          1,
          null,
          null,
          0,
          null,
          null,
          1,
          null,
          null
        ]
      }
    },
    "timestamp": 1739292155
  }
}
